----------------------------------------------------------------
Tue May 12 20:21:56 EDT 2020:
Booting Derby version The Apache Software Foundation - Apache Derby - 10.10.2.0 - (1582446): instance a816c00e-0172-0b68-c8b0-0000005c8e90 
on database directory C:\CS320-myComm-datbase\ycp.db with class loader sun.misc.Launcher$AppClassLoader@1d16e93 
Loaded from file:/C:/Users/DELL/Downloads/CS320_Derby/CS320_Derby/lib/derby.jar
java.vendor=Oracle Corporation
java.runtime.version=1.8.0_251-b08
user.dir=C:\Users\DELL\Documents\GitHub\myCommencement\comm_butWorks
os.name=Windows 10
os.arch=x86
os.version=10.0
derby.system.home=null
Database Class Loader started - derby.database.classpath=''
----------------------------------------------------------------
Tue May 12 20:22:15 EDT 2020:
Booting Derby version The Apache Software Foundation - Apache Derby - 10.10.2.0 - (1582446): instance 08264012-0172-0b68-c8b0-0000005c8e90 
on database directory C:\CS320-myComm-datbase\pro.db with class loader sun.misc.Launcher$AppClassLoader@1d16e93 
Loaded from file:/C:/Users/DELL/Downloads/CS320_Derby/CS320_Derby/lib/derby.jar
java.vendor=Oracle Corporation
java.runtime.version=1.8.0_251-b08
user.dir=C:\Users\DELL\Documents\GitHub\myCommencement\comm_butWorks
os.name=Windows 10
os.arch=x86
os.version=10.0
derby.system.home=null
Database Class Loader started - derby.database.classpath=''
