#
# There is insufficient memory for the Java Runtime Environment to continue.
# Native memory allocation (mmap) failed to map 33554432 bytes for Failed to commit area from 0x00000000e1600000 to 0x00000000e3600000 of length 33554432.
# Possible reasons:
#   The system is out of physical RAM or swap space
#   The process is running with CompressedOops enabled, and the Java Heap may be blocking the growth of the native heap
# Possible solutions:
#   Reduce memory load on the system
#   Increase physical memory or swap space
#   Check if swap backing store is full
#   Decrease Java heap size (-Xmx/-Xms)
#   Decrease number of Java threads
#   Decrease Java thread stack sizes (-Xss)
#   Set larger code cache with -XX:ReservedCodeCacheSize=
# This output file may be truncated or incomplete.
#
#  Out of Memory Error (t:/workspace/open/src/hotspot/os/windows/os_windows.cpp:3301), pid=2944, tid=9740
#
# JRE version:  (13.0+33) (build )
# Java VM: Java HotSpot(TM) 64-Bit Server VM (13+33, mixed mode, aot, sharing, tiered, compressed oops, g1 gc, windows-amd64)
# No core dump will be written. Minidumps are not enabled by default on client versions of Windows
#

---------------  S U M M A R Y ------------

Command Line: -Dfile.encoding=Cp1252 edu.ycp.cs320.ycpdb.Queries.insertCommentbyStudentUsername

Host: Intel(R) Celeron(R) CPU  N3060  @ 1.60GHz, 2 cores, 1G,  Windows 10 , 64 bit Build 17134 (10.0.17134.753)
Time: Wed Apr 29 09:39:37 2020 Eastern Daylight Time elapsed time: 0 seconds (0d 0h 0m 0s)

---------------  T H R E A D  ---------------

Current thread (0x000001c36bffd800):  JavaThread "Unknown thread" [_thread_in_vm, id=9740, stack(0x0000008009000000,0x0000008009100000)]

Stack: [0x0000008009000000,0x0000008009100000]
Native frames: (J=compiled Java code, j=interpreted, Vv=VM code, C=native code)
V  [jvm.dll+0x626eaa]
V  [jvm.dll+0x772c4a]
V  [jvm.dll+0x7743ff]
V  [jvm.dll+0x774a03]
V  [jvm.dll+0x24da38]
V  [jvm.dll+0x62436a]
V  [jvm.dll+0x618f55]
V  [jvm.dll+0x30c5fc]
V  [jvm.dll+0x30c432]
V  [jvm.dll+0x311ba6]
V  [jvm.dll+0x355cc6]
V  [jvm.dll+0x3554a0]
V  [jvm.dll+0x2e727a]
V  [jvm.dll+0x2e8512]
V  [jvm.dll+0x74fcb8]
V  [jvm.dll+0x363719]
V  [jvm.dll+0x732da5]
V  [jvm.dll+0x3ce2cf]
V  [jvm.dll+0x3d05f1]
C  [jli.dll+0x51ff]
C  [ucrtbase.dll+0x1e3fe]
C  [KERNEL32.DLL+0x14034]
C  [ntdll.dll+0x73691]


---------------  P R O C E S S  ---------------

Threads class SMR info:
_java_thread_list=0x00007ffd297e46b8, length=0, elements={
}

Java Threads: ( => current thread )

Other Threads:
  0x000001c36c023000 GCTaskThread "GC Thread#0" [stack: 0x0000008009100000,0x0000008009200000] [id=8740]
  0x000001c36c029800 ConcurrentGCThread "G1 Main Marker" [stack: 0x0000008009200000,0x0000008009300000] [id=4772]
  0x000001c36c02f800 ConcurrentGCThread "G1 Conc#0" [stack: 0x0000008009300000,0x0000008009400000] [id=9112]

[error occurred during error reporting (printing all threads), id 0xc0000005, EXCEPTION_ACCESS_VIOLATION (0xc0000005) at pc=0x00007ffd29016f47]

VM state:not at safepoint (not fully initialized)

VM Mutex/Monitor currently owned by a thread:  ([mutex/lock_event])
[0x000001c36bff9940] Heap_lock - owner thread: 0x000001c36bffd800

Heap address: 0x00000000e1600000, size: 490 MB, Compressed Oops mode: Non-zero based: 0x00000000e1600000
Narrow klass base: 0x0000000000000000, Narrow klass shift: 0

GC Heap History (0 events):
No events

Deoptimization events (0 events):
No events

Classes unloaded (0 events):
No events

Classes redefined (0 events):
No events

Internal exceptions (0 events):
No events

Events (8 events):
Event: 0.032 Loaded shared library C:\Program Files\Java\jdk-13\bin\zip.dll
Event: 0.033 Loaded shared library C:\Program Files\Java\jdk-13\bin\jimage.dll
Event: 0.047 Loading shared library C:\Program Files\Java\jdk-13\lib\libjava.base-coop.dll failed, error code 126
Event: 0.047 Loading shared library C:\Program Files\Java\jdk-13\lib\libjava.logging-coop.dll failed, error code 126
Event: 0.047 Loading shared library C:\Program Files\Java\jdk-13\lib\libjdk.compiler-coop.dll failed, error code 126
Event: 0.047 Loading shared library C:\Program Files\Java\jdk-13\lib\libjdk.scripting.nashorn-coop.dll failed, error code 126
Event: 0.047 Loading shared library C:\Program Files\Java\jdk-13\lib\libjdk.internal.vm.ci-coop.dll failed, error code 126
Event: 0.047 Loading shared library C:\Program Files\Java\jdk-13\lib\libjdk.internal.vm.compiler-coop.dll failed, error code 126


Dynamic libraries:
0x00007ff6add60000 - 0x00007ff6add6f000 	C:\Program Files\Java\jdk-13\bin\javaw.exe
0x00007ffd5e0a0000 - 0x00007ffd5e281000 	C:\WINDOWS\SYSTEM32\ntdll.dll
0x00007ffd5d620000 - 0x00007ffd5d6d1000 	C:\WINDOWS\System32\KERNEL32.DLL
0x00007ffd5aed0000 - 0x00007ffd5b143000 	C:\WINDOWS\System32\KERNELBASE.dll
0x00007ffd5ac90000 - 0x00007ffd5ad88000 	C:\WINDOWS\System32\ucrtbase.dll
0x00007ffd4b3b0000 - 0x00007ffd4b3c8000 	C:\Program Files\Java\jdk-13\bin\jli.dll
0x00007ffd5db50000 - 0x00007ffd5dbf1000 	C:\WINDOWS\System32\ADVAPI32.dll
0x00007ffd5b900000 - 0x00007ffd5b99e000 	C:\WINDOWS\System32\msvcrt.dll
0x00007ffd5bbc0000 - 0x00007ffd5bc1b000 	C:\WINDOWS\System32\sechost.dll
0x00007ffd5dc00000 - 0x00007ffd5dd24000 	C:\WINDOWS\System32\RPCRT4.dll
0x00007ffd5dec0000 - 0x00007ffd5e050000 	C:\WINDOWS\System32\USER32.dll
0x00007ffd5aeb0000 - 0x00007ffd5aed0000 	C:\WINDOWS\System32\win32u.dll
0x00007ffd5de80000 - 0x00007ffd5dea8000 	C:\WINDOWS\System32\GDI32.dll
0x00007ffd5b340000 - 0x00007ffd5b4d1000 	C:\WINDOWS\System32\gdi32full.dll
0x00007ffd5ae10000 - 0x00007ffd5aeaf000 	C:\WINDOWS\System32\msvcp_win.dll
0x00007ffd4bad0000 - 0x00007ffd4bd39000 	C:\WINDOWS\WinSxS\amd64_microsoft.windows.common-controls_6595b64144ccf1df_6.0.17134.950_none_fb3da4273069d3e0\COMCTL32.dll
0x00007ffd5b5d0000 - 0x00007ffd5b8f2000 	C:\WINDOWS\System32\combase.dll
0x00007ffd5ad90000 - 0x00007ffd5ae09000 	C:\WINDOWS\System32\bcryptPrimitives.dll
0x00007ffd4beb0000 - 0x00007ffd4beba000 	C:\WINDOWS\SYSTEM32\VERSION.dll
0x00007ffd4b420000 - 0x00007ffd4b435000 	C:\Program Files\Java\jdk-13\bin\VCRUNTIME140.dll
0x00007ffd5bc20000 - 0x00007ffd5bc4d000 	C:\WINDOWS\System32\IMM32.DLL
0x00007ffd37e60000 - 0x00007ffd37efb000 	C:\Program Files\Java\jdk-13\bin\msvcp140.dll
0x00007ffd28d20000 - 0x00007ffd29886000 	C:\Program Files\Java\jdk-13\bin\server\jvm.dll
0x00007ffd5bd20000 - 0x00007ffd5bd28000 	C:\WINDOWS\System32\PSAPI.DLL
0x00007ffd529a0000 - 0x00007ffd529a9000 	C:\WINDOWS\SYSTEM32\WSOCK32.dll
0x00007ffd5dad0000 - 0x00007ffd5db3c000 	C:\WINDOWS\System32\WS2_32.dll
0x00007ffd585d0000 - 0x00007ffd585f3000 	C:\WINDOWS\SYSTEM32\WINMM.dll
0x00007ffd585a0000 - 0x00007ffd585ca000 	C:\WINDOWS\SYSTEM32\WINMMBASE.dll
0x00007ffd5b4e0000 - 0x00007ffd5b529000 	C:\WINDOWS\System32\cfgmgr32.dll
0x00007ffd5a430000 - 0x00007ffd5a441000 	C:\WINDOWS\System32\kernel.appcore.dll
0x00007ffd52990000 - 0x00007ffd529a0000 	C:\Program Files\Java\jdk-13\bin\verify.dll
0x00007ffd482d0000 - 0x00007ffd48499000 	C:\WINDOWS\SYSTEM32\DBGHELP.DLL
0x00007ffd48740000 - 0x00007ffd48769000 	C:\WINDOWS\SYSTEM32\dbgcore.DLL
0x00007ffd4b3f0000 - 0x00007ffd4b416000 	C:\Program Files\Java\jdk-13\bin\java.dll
0x00007ffd4b3d0000 - 0x00007ffd4b3e7000 	C:\Program Files\Java\jdk-13\bin\zip.dll
0x00007ffd4d700000 - 0x00007ffd4d70a000 	C:\Program Files\Java\jdk-13\bin\jimage.dll

dbghelp: loaded successfully - version: 4.0.5 - missing functions: none
symbol engine: initialized successfully - sym options: 0x614 - pdb path: .;C:\Program Files\Java\jdk-13\bin;C:\WINDOWS\SYSTEM32;C:\WINDOWS\WinSxS\amd64_microsoft.windows.common-controls_6595b64144ccf1df_6.0.17134.950_none_fb3da4273069d3e0;C:\Program Files\Java\jdk-13\bin\server

VM Arguments:
jvm_args: -Dfile.encoding=Cp1252 
java_command: edu.ycp.cs320.ycpdb.Queries.insertCommentbyStudentUsername
java_class_path (initial): C:\Users\DELL\Documents\GitHub\myCommencement\comm_butWorks\test-bin;C:\Users\DELL\Documents\GitHub\myCommencement\comm_butWorks\bin;C:\Users\DELL\Documents\GitHub\myCommencement\comm_butWorks\war\WEB-INF\classes;C:\Users\DELL\.p2\pool\plugins\org.junit_4.12.0.v201504281640\junit.jar;C:\Users\DELL\.p2\pool\plugins\org.hamcrest.core_1.3.0.v20180420-1519.jar;C:\Users\DELL\Downloads\CS320_Jetty9\CS320_Jetty9\lib\servlet-api-3.1.jar;C:\Users\DELL\Downloads\CS320_Jetty9\CS320_Jetty9\lib\jetty-server-9.4.3.v20170317.jar;C:\Users\DELL\Downloads\CS320_Jetty9\CS320_Jetty9\lib\jetty-jmx-9.4.3.v20170317.jar;C:\Users\DELL\Downloads\CS320_Jetty9\CS320_Jetty9\lib\jetty-util-9.4.3.v20170317.jar;C:\Users\DELL\Downloads\CS320_Jetty9\CS320_Jetty9\lib\jetty-webapp-9.4.3.v20170317.jar;C:\Users\DELL\Downloads\CS320_Jetty9\CS320_Jetty9\lib\jetty-servlet-9.4.3.v20170317.jar;C:\Users\DELL\Downloads\CS320_Jetty9\CS320_Jetty9\lib\jetty-http-9.4.3.v20170317.jar;C:\Users\DELL\Downloads\CS320_Jetty9\CS320_Jetty9\lib\jetty-io-9.4.3.v20170317.jar;C:\Users\DELL\Downloads\CS320_Jetty9\CS320_Jetty9\lib\jetty-security-9.4.3.v20170317.jar;C:\Users\DELL\Downloads\CS320_Jetty9\CS320_Jetty9\lib\jetty-annotations-9.4.3.v20170317.jar;C:\Users\DELL\Downloads\CS320_Jetty9\CS320_Jetty9\lib\jetty-xml-9.4.3.v20170317.jar;C:\Users\DELL\Downloads\CS320_Jetty9\CS320_Jetty9\lib\jetty-plus-9.4.3.v20170317.jar;C:\Users\DELL\Downloads\CS320_Jetty9\CS320_Jetty9\lib\annotations\asm-5.1.jar;C:\Users\DELL\Downloads\CS320_Jetty9\CS320_Jetty9\lib\annotations\asm-commons-5.1.jar;C:\Users\DELL\Downloads\CS320_Jetty9\CS320_Jetty9\lib\annotations\javax.annotation-api-1.2.jar;C:\Users\DELL\Downloads\CS320_Jetty9\CS320_Jetty9\lib\apache-jsp\org.eclipse.jdt.core.compiler.ecj-4.4.2.jar;C:\Users\DELL\Downloads\CS320_Jetty9\CS320_Jetty9\lib\apache-jsp\org.eclipse.jetty.apache-jsp-9.4.3.v20170317.jar;C:\Users\DELL\Downloads\CS320_Jetty9\CS320_Jetty9\lib\apache-jsp\org.mortbay.jasper.apache-el-8.5.9.1.jar;C
Launcher Type: SUN_STANDARD

[Global flags]
     intx CICompilerCount                          = 2                                         {product} {ergonomic}
     uint ConcGCThreads                            = 1                                         {product} {ergonomic}
     uint G1ConcRefinementThreads                  = 2                                         {product} {ergonomic}
   size_t G1HeapRegionSize                         = 1048576                                   {product} {ergonomic}
    uintx GCDrainStackTargetSize                   = 64                                        {product} {ergonomic}
   size_t InitialHeapSize                          = 33554432                                  {product} {ergonomic}
   size_t MarkStackSize                            = 4194304                                   {product} {ergonomic}
   size_t MaxHeapSize                              = 513802240                                 {product} {ergonomic}
   size_t MinHeapDeltaBytes                        = 1048576                                   {product} {ergonomic}
   size_t MinHeapSize                              = 8388608                                   {product} {ergonomic}
    uintx NonNMethodCodeHeapSize                   = 5825164                                {pd product} {ergonomic}
    uintx NonProfiledCodeHeapSize                  = 122916538                              {pd product} {ergonomic}
    uintx ProfiledCodeHeapSize                     = 122916538                              {pd product} {ergonomic}
    uintx ReservedCodeCacheSize                    = 251658240                              {pd product} {ergonomic}
     bool SegmentedCodeCache                       = true                                      {product} {ergonomic}
   size_t SoftMaxHeapSize                          = 513802240                              {manageable} {ergonomic}
     bool UseCompressedClassPointers               = true                                 {lp64_product} {ergonomic}
     bool UseCompressedOops                        = true                                 {lp64_product} {ergonomic}
     bool UseG1GC                                  = true                                      {product} {ergonomic}
     bool UseLargePagesIndividualAllocation        = false                                  {pd product} {ergonomic}

Logging:
Log output configuration:
 #0: stdout all=warning uptime,level,tags
 #1: stderr all=off uptime,level,tags

Environment Variables:
PATH=C:/Program Files/Java/jdk-13/bin/server;C:/Program Files/Java/jdk-13/bin;C:\WINDOWS\system32;C:\WINDOWS;C:\WINDOWS\System32\Wbem;C:\WINDOWS\System32\WindowsPowerShell\v1.0\;C:\WINDOWS\System32\OpenSSH\;C:\Users\DELL\AppData\Local\Microsoft\WindowsApps;C:\Program Files\JetBrains\IntelliJ IDEA 2019.1.3\bin;C:\Users\DELL\AppData\Local\GitHubDesktop\bin;C:\Users\DELL\Desktop;
USERNAME=Lepakshi
OS=Windows_NT
PROCESSOR_IDENTIFIER=Intel64 Family 6 Model 76 Stepping 4, GenuineIntel



---------------  S Y S T E M  ---------------

OS: Windows 10 , 64 bit Build 17134 (10.0.17134.753)

CPU:total 2 (initial active 2) (2 cores per cpu, 1 threads per core) family 6 model 76 stepping 4, cmov, cx8, fxsr, mmx, sse, sse2, sse3, ssse3, sse4.1, sse4.2, popcnt, aes, clmul, erms, 3dnowpref, tsc, tscinvbit

Memory: 4k page, system-wide physical 1959M (304M free)
TotalPageFile size 4410M (AvailPageFile size 27M)
current process WorkingSet (physical memory assigned to process): 9M, peak: 9M
current process commit charge ("private bytes"): 47M, peak: 79M

vm_info: Java HotSpot(TM) 64-Bit Server VM (13+33) for windows-amd64 JRE (13+33), built on Sep 18 2019 21:38:00 by "mach5one" with unknown MS VC++:1916

END.
